Determining if the pthread_create exist failed with the following output:
Change Dir: /home/ubuntu/NVIDIAShooter/shooter_ws/build/CMakeFiles/CMakeTmp

Run Build Command:/usr/bin/make "cmTryCompileExec1890463071/fast"
/usr/bin/make -f CMakeFiles/cmTryCompileExec1890463071.dir/build.make CMakeFiles/cmTryCompileExec1890463071.dir/build
make[1]: Entering directory `/home/ubuntu/NVIDIAShooter/shooter_ws/build/CMakeFiles/CMakeTmp'
/usr/bin/cmake -E cmake_progress_report /home/ubuntu/NVIDIAShooter/shooter_ws/build/CMakeFiles/CMakeTmp/CMakeFiles 1
Building C object CMakeFiles/cmTryCompileExec1890463071.dir/CheckSymbolExists.c.o
/usr/bin/cc    -o CMakeFiles/cmTryCompileExec1890463071.dir/CheckSymbolExists.c.o   -c /home/ubuntu/NVIDIAShooter/shooter_ws/build/CMakeFiles/CMakeTmp/CheckSymbolExists.c
Linking C executable cmTryCompileExec1890463071
/usr/bin/cmake -E cmake_link_script CMakeFiles/cmTryCompileExec1890463071.dir/link.txt --verbose=1
/usr/bin/cc       CMakeFiles/cmTryCompileExec1890463071.dir/CheckSymbolExists.c.o  -o cmTryCompileExec1890463071 -rdynamic 
CMakeFiles/cmTryCompileExec1890463071.dir/CheckSymbolExists.c.o: In function `main':
CheckSymbolExists.c:(.text+0xe): undefined reference to `pthread_create'
CheckSymbolExists.c:(.text+0x12): undefined reference to `pthread_create'
make[1]: Leaving directory `/home/ubuntu/NVIDIAShooter/shooter_ws/build/CMakeFiles/CMakeTmp'
collect2: error: ld returned 1 exit status
make[1]: *** [cmTryCompileExec1890463071] Error 1
make: *** [cmTryCompileExec1890463071/fast] Error 2

File /home/ubuntu/NVIDIAShooter/shooter_ws/build/CMakeFiles/CMakeTmp/CheckSymbolExists.c:
/* */
#include <pthread.h>

int main(int argc, char** argv)
{
  (void)argv;
#ifndef pthread_create
  return ((int*)(&pthread_create))[argc];
#else
  (void)argc;
  return 0;
#endif
}

Determining if the function pthread_create exists in the pthreads failed with the following output:
Change Dir: /home/ubuntu/NVIDIAShooter/shooter_ws/build/CMakeFiles/CMakeTmp

Run Build Command:/usr/bin/make "cmTryCompileExec2249811769/fast"
/usr/bin/make -f CMakeFiles/cmTryCompileExec2249811769.dir/build.make CMakeFiles/cmTryCompileExec2249811769.dir/build
make[1]: Entering directory `/home/ubuntu/NVIDIAShooter/shooter_ws/build/CMakeFiles/CMakeTmp'
/usr/bin/cmake -E cmake_progress_report /home/ubuntu/NVIDIAShooter/shooter_ws/build/CMakeFiles/CMakeTmp/CMakeFiles 1
Building C object CMakeFiles/cmTryCompileExec2249811769.dir/CheckFunctionExists.c.o
/usr/bin/cc   -DCHECK_FUNCTION_EXISTS=pthread_create   -o CMakeFiles/cmTryCompileExec2249811769.dir/CheckFunctionExists.c.o   -c /usr/share/cmake-2.8/Modules/CheckFunctionExists.c
Linking C executable cmTryCompileExec2249811769
/usr/bin/cmake -E cmake_link_script CMakeFiles/cmTryCompileExec2249811769.dir/link.txt --verbose=1
/usr/bin/cc   -DCHECK_FUNCTION_EXISTS=pthread_create    CMakeFiles/cmTryCompileExec2249811769.dir/CheckFunctionExists.c.o  -o cmTryCompileExec2249811769 -rdynamic -lpthreads 
/usr/bin/ld: cannot find -lpthreads
make[1]: Leaving directory `/home/ubuntu/NVIDIAShooter/shooter_ws/build/CMakeFiles/CMakeTmp'
collect2: error: ld returned 1 exit status
make[1]: *** [cmTryCompileExec2249811769] Error 1
make: *** [cmTryCompileExec2249811769/fast] Error 2


